
> code-and-cognition@0.1.0 build
> prisma generate && prisma db push && next build

Loaded Prisma config from prisma.config.ts.

Prisma schema loaded from prisma\schema.prisma.

Γ£ö Generated Prisma Client (v7.4.2) to .\node_modules\@prisma\client in 2.79s

Start by importing your Prisma Client (See: https://pris.ly/d/importing-client)


Loaded Prisma config from prisma.config.ts.

Prisma schema loaded from prisma\schema.prisma.
Datasource "db": PostgreSQL database "coc", schema "public" at "ep-solitary-term-airhfv05-pooler.c-4.us-east-1.aws.neon.tech"

The database is already in sync with the Prisma schema.

Γû▓ Next.js 16.1.6 (Turbopack)
- Environments: .env.local, .env

  Creating an optimized production build ...
/*! ≡ƒî╝ daisyUI 5.5.18 */
Found 1 warning while optimizing generated CSS:

Γöé }
Γöé @layer base {
Γöé   @property --radialprogress {
Γöå            ^-- Unknown at rule: @property
Γöå
Γöé     syntax: "<percentage>";
Γöé     inherits: true;

Γ£ô Compiled successfully in 34.7s
  Running TypeScript ...
Failed to compile.

./components/shared/PremiumMarkdown.tsx:73:65
Type error: Property 'children' does not exist on type 'ElementContent'.
  Property 'children' does not exist on type 'Text'.

  71 |                     pre: ({ node, ...props }) => {
  72 |                         const [copied, setCopied] = useState(false);
> 73 |                         const codeString = node?.children?.[0]?.children?.[0]?.value || "";
     |                                                                 ^
  74 |
  75 |                         const handleCopy = () => {
  76 |                             if (typeof window !== "undefined" && props.children) {
Next.js build worker exited with code: 1 and signal: null
